2023-03-26 22:02:08,726 INFO Starting Nacos v1.1.4 on jason-pc with PID 38581 (/home/jason/桌面/online_video_sys/nacos/target/nacos-server.jar started by jason in /home/jason/桌面/online_video_sys/nacos/bin)

2023-03-26 22:02:08,728 INFO The following profiles are active: standalone

2023-03-26 22:02:10,045 INFO Bean 'org.springframework.security.config.annotation.configuration.ObjectPostProcessorConfiguration' of type [org.springframework.security.config.annotation.configuration.ObjectPostProcessorConfiguration$$EnhancerBySpringCGLIB$$e94168fd] is not eligible for getting processed by all BeanPostProcessors (for example: not eligible for auto-proxying)

2023-03-26 22:02:10,095 INFO Bean 'objectPostProcessor' of type [org.springframework.security.config.annotation.configuration.AutowireBeanFactoryObjectPostProcessor] is not eligible for getting processed by all BeanPostProcessors (for example: not eligible for auto-proxying)

2023-03-26 22:02:10,096 INFO Bean 'org.springframework.security.access.expression.method.DefaultMethodSecurityExpressionHandler@1dd0e7c4' of type [org.springframework.security.access.expression.method.DefaultMethodSecurityExpressionHandler] is not eligible for getting processed by all BeanPostProcessors (for example: not eligible for auto-proxying)

2023-03-26 22:02:10,097 INFO Bean 'org.springframework.security.config.annotation.method.configuration.GlobalMethodSecurityConfiguration' of type [org.springframework.security.config.annotation.method.configuration.GlobalMethodSecurityConfiguration$$EnhancerBySpringCGLIB$$e160baf] is not eligible for getting processed by all BeanPostProcessors (for example: not eligible for auto-proxying)

2023-03-26 22:02:10,101 INFO Bean 'methodSecurityMetadataSource' of type [org.springframework.security.access.method.DelegatingMethodSecurityMetadataSource] is not eligible for getting processed by all BeanPostProcessors (for example: not eligible for auto-proxying)

2023-03-26 22:02:10,395 INFO Tomcat initialized with port(s): 8848 (http)

2023-03-26 22:02:10,417 INFO Starting service [Tomcat]

2023-03-26 22:02:10,417 INFO Starting Servlet Engine: Apache Tomcat/9.0.13

2023-03-26 22:02:10,425 INFO The APR based Apache Tomcat Native library which allows optimal performance in production environments was not found on the java.library.path: [/usr/java/packages/lib:/usr/lib/x86_64-linux-gnu/jni:/lib/x86_64-linux-gnu:/usr/lib/x86_64-linux-gnu:/usr/lib/jni:/lib:/usr/lib]

2023-03-26 22:02:10,477 INFO Initializing Spring embedded WebApplicationContext

2023-03-26 22:02:10,477 INFO Root WebApplicationContext: initialization completed in 1717 ms

2023-03-26 22:02:11,986 INFO Use Mysql as the driver

2023-03-26 22:02:12,229 INFO Initializing ExecutorService 'applicationTaskExecutor'

2023-03-26 22:02:12,356 INFO Adding welcome page: class path resource [static/index.html]

2023-03-26 22:02:12,586 INFO Creating filter chain: Ant [pattern='/'], []

2023-03-26 22:02:12,586 INFO Creating filter chain: Ant [pattern='/**/*.css'], []

2023-03-26 22:02:12,586 INFO Creating filter chain: Ant [pattern='/**/*.js'], []

2023-03-26 22:02:12,586 INFO Creating filter chain: Ant [pattern='/**/*.html'], []

2023-03-26 22:02:12,586 INFO Creating filter chain: Ant [pattern='/**/*.map'], []

2023-03-26 22:02:12,586 INFO Creating filter chain: Ant [pattern='/**/*.svg'], []

2023-03-26 22:02:12,586 INFO Creating filter chain: Ant [pattern='/**/*.png'], []

2023-03-26 22:02:12,586 INFO Creating filter chain: Ant [pattern='/**/*.ico'], []

2023-03-26 22:02:12,586 INFO Creating filter chain: Ant [pattern='/console-fe/public/**'], []

2023-03-26 22:02:12,586 INFO Creating filter chain: Ant [pattern='/v1/auth/login'], []

2023-03-26 22:02:12,586 INFO Creating filter chain: Ant [pattern='/v1/console/health/**'], []

2023-03-26 22:02:12,586 INFO Creating filter chain: Ant [pattern='/v1/cs/**'], []

2023-03-26 22:02:12,586 INFO Creating filter chain: Ant [pattern='/v1/ns/**'], []

2023-03-26 22:02:12,586 INFO Creating filter chain: Ant [pattern='/v1/cmdb/**'], []

2023-03-26 22:02:12,586 INFO Creating filter chain: Ant [pattern='/actuator/**'], []

2023-03-26 22:02:12,586 INFO Creating filter chain: Ant [pattern='/v1/console/server/**'], []

2023-03-26 22:02:12,608 INFO Creating filter chain: any request, [org.springframework.security.web.context.request.async.WebAsyncManagerIntegrationFilter@3902bd2c, org.springframework.security.web.context.SecurityContextPersistenceFilter@7f608e21, org.springframework.security.web.header.HeaderWriterFilter@2a334bac, org.springframework.security.web.authentication.logout.LogoutFilter@c386958, com.alibaba.nacos.console.filter.JwtAuthenticationTokenFilter@7d32e714, org.springframework.security.web.savedrequest.RequestCacheAwareFilter@210d2a6c, org.springframework.security.web.servletapi.SecurityContextHolderAwareRequestFilter@2e3572e8, org.springframework.security.web.authentication.AnonymousAuthenticationFilter@eb6ec6, org.springframework.security.web.session.SessionManagementFilter@3ddeaa5f, org.springframework.security.web.access.ExceptionTranslationFilter@30b975ad, org.springframework.security.web.access.intercept.FilterSecurityInterceptor@2152ab30]

2023-03-26 22:02:12,666 INFO Exposing 2 endpoint(s) beneath base path '/actuator'

2023-03-26 22:02:12,686 INFO Initializing ExecutorService 'taskScheduler'

2023-03-26 22:02:12,756 INFO Tomcat started on port(s): 8848 (http) with context path '/nacos'

2023-03-26 22:02:12,759 INFO Started Nacos in 4.494 seconds (JVM running for 4.842)

2023-03-26 22:02:12,759 INFO Nacos Log files: /home/jason/桌面/online_video_sys/nacos/logs/

2023-03-26 22:02:12,759 INFO Nacos Conf files: /home/jason/桌面/online_video_sys/nacos/conf/

2023-03-26 22:02:12,759 INFO Nacos Data files: /home/jason/桌面/online_video_sys/nacos/data/

2023-03-26 22:02:12,759 INFO Nacos started successfully in stand alone mode.

2023-03-26 22:02:16,903 INFO Initializing Spring DispatcherServlet 'dispatcherServlet'

2023-03-26 22:02:16,904 INFO Initializing Servlet 'dispatcherServlet'

2023-03-26 22:02:16,909 INFO Completed initialization in 5 ms

2023-03-26 22:03:38,358 INFO Shutting down ExecutorService 'taskScheduler'

2023-03-26 22:03:38,359 INFO Shutting down ExecutorService 'applicationTaskExecutor'

2023-03-26 22:03:41,725 INFO Starting Nacos v1.1.4 on jason-pc with PID 39706 (/home/jason/桌面/online_video_sys/nacos/target/nacos-server.jar started by jason in /home/jason/桌面/online_video_sys/nacos/bin)

2023-03-26 22:03:41,726 INFO The following profiles are active: standalone

2023-03-26 22:03:43,020 INFO Bean 'org.springframework.security.config.annotation.configuration.ObjectPostProcessorConfiguration' of type [org.springframework.security.config.annotation.configuration.ObjectPostProcessorConfiguration$$EnhancerBySpringCGLIB$$51a79cb6] is not eligible for getting processed by all BeanPostProcessors (for example: not eligible for auto-proxying)

2023-03-26 22:03:43,071 INFO Bean 'objectPostProcessor' of type [org.springframework.security.config.annotation.configuration.AutowireBeanFactoryObjectPostProcessor] is not eligible for getting processed by all BeanPostProcessors (for example: not eligible for auto-proxying)

2023-03-26 22:03:43,072 INFO Bean 'org.springframework.security.access.expression.method.DefaultMethodSecurityExpressionHandler@2ece4966' of type [org.springframework.security.access.expression.method.DefaultMethodSecurityExpressionHandler] is not eligible for getting processed by all BeanPostProcessors (for example: not eligible for auto-proxying)

2023-03-26 22:03:43,075 INFO Bean 'org.springframework.security.config.annotation.method.configuration.GlobalMethodSecurityConfiguration' of type [org.springframework.security.config.annotation.method.configuration.GlobalMethodSecurityConfiguration$$EnhancerBySpringCGLIB$$767c3f68] is not eligible for getting processed by all BeanPostProcessors (for example: not eligible for auto-proxying)

2023-03-26 22:03:43,077 INFO Bean 'methodSecurityMetadataSource' of type [org.springframework.security.access.method.DelegatingMethodSecurityMetadataSource] is not eligible for getting processed by all BeanPostProcessors (for example: not eligible for auto-proxying)

2023-03-26 22:03:43,381 INFO Tomcat initialized with port(s): 8848 (http)

2023-03-26 22:03:43,407 INFO Starting service [Tomcat]

2023-03-26 22:03:43,408 INFO Starting Servlet Engine: Apache Tomcat/9.0.13

2023-03-26 22:03:43,429 INFO The APR based Apache Tomcat Native library which allows optimal performance in production environments was not found on the java.library.path: [/usr/java/packages/lib:/usr/lib/x86_64-linux-gnu/jni:/lib/x86_64-linux-gnu:/usr/lib/x86_64-linux-gnu:/usr/lib/jni:/lib:/usr/lib]

2023-03-26 22:03:43,494 INFO Initializing Spring embedded WebApplicationContext

2023-03-26 22:03:43,495 INFO Root WebApplicationContext: initialization completed in 1726 ms

2023-03-26 22:03:44,865 INFO Use Mysql as the driver

2023-03-26 22:03:45,132 INFO Initializing ExecutorService 'applicationTaskExecutor'

2023-03-26 22:03:45,301 INFO Adding welcome page: class path resource [static/index.html]

2023-03-26 22:03:45,611 INFO Creating filter chain: Ant [pattern='/'], []

2023-03-26 22:03:45,611 INFO Creating filter chain: Ant [pattern='/**/*.css'], []

2023-03-26 22:03:45,611 INFO Creating filter chain: Ant [pattern='/**/*.js'], []

2023-03-26 22:03:45,611 INFO Creating filter chain: Ant [pattern='/**/*.html'], []

2023-03-26 22:03:45,611 INFO Creating filter chain: Ant [pattern='/**/*.map'], []

2023-03-26 22:03:45,611 INFO Creating filter chain: Ant [pattern='/**/*.svg'], []

2023-03-26 22:03:45,611 INFO Creating filter chain: Ant [pattern='/**/*.png'], []

2023-03-26 22:03:45,611 INFO Creating filter chain: Ant [pattern='/**/*.ico'], []

2023-03-26 22:03:45,611 INFO Creating filter chain: Ant [pattern='/console-fe/public/**'], []

2023-03-26 22:03:45,611 INFO Creating filter chain: Ant [pattern='/v1/auth/login'], []

2023-03-26 22:03:45,611 INFO Creating filter chain: Ant [pattern='/v1/console/health/**'], []

2023-03-26 22:03:45,611 INFO Creating filter chain: Ant [pattern='/v1/cs/**'], []

2023-03-26 22:03:45,611 INFO Creating filter chain: Ant [pattern='/v1/ns/**'], []

2023-03-26 22:03:45,611 INFO Creating filter chain: Ant [pattern='/v1/cmdb/**'], []

2023-03-26 22:03:45,611 INFO Creating filter chain: Ant [pattern='/actuator/**'], []

2023-03-26 22:03:45,611 INFO Creating filter chain: Ant [pattern='/v1/console/server/**'], []

2023-03-26 22:03:45,639 INFO Creating filter chain: any request, [org.springframework.security.web.context.request.async.WebAsyncManagerIntegrationFilter@3e4e4c1, org.springframework.security.web.context.SecurityContextPersistenceFilter@196ae579, org.springframework.security.web.header.HeaderWriterFilter@c29fe36, org.springframework.security.web.authentication.logout.LogoutFilter@6fc6deb7, com.alibaba.nacos.console.filter.JwtAuthenticationTokenFilter@7e7f3cfd, org.springframework.security.web.savedrequest.RequestCacheAwareFilter@41853299, org.springframework.security.web.servletapi.SecurityContextHolderAwareRequestFilter@4f0cab0a, org.springframework.security.web.authentication.AnonymousAuthenticationFilter@3ae126d1, org.springframework.security.web.session.SessionManagementFilter@625a4ff, org.springframework.security.web.access.ExceptionTranslationFilter@1507c3c3, org.springframework.security.web.access.intercept.FilterSecurityInterceptor@77f68df]

2023-03-26 22:03:45,718 INFO Exposing 2 endpoint(s) beneath base path '/actuator'

2023-03-26 22:03:45,744 INFO Initializing ExecutorService 'taskScheduler'

2023-03-26 22:03:45,831 INFO Tomcat started on port(s): 8848 (http) with context path '/nacos'

2023-03-26 22:03:45,836 INFO Started Nacos in 4.619 seconds (JVM running for 4.96)

2023-03-26 22:03:45,836 INFO Nacos Log files: /home/jason/桌面/online_video_sys/nacos/logs/

2023-03-26 22:03:45,836 INFO Nacos Conf files: /home/jason/桌面/online_video_sys/nacos/conf/

2023-03-26 22:03:45,836 INFO Nacos Data files: /home/jason/桌面/online_video_sys/nacos/data/

2023-03-26 22:03:45,836 INFO Nacos started successfully in stand alone mode.

2023-03-26 22:03:49,774 INFO Initializing Spring DispatcherServlet 'dispatcherServlet'

2023-03-26 22:03:49,775 INFO Initializing Servlet 'dispatcherServlet'

2023-03-26 22:03:49,780 INFO Completed initialization in 5 ms

2023-03-26 22:04:17,139 ERROR Responding with unauthorized error. Message - Full authentication is required to access this resource

